<?xml version="1.0" encoding="UTF-8"?>
<testng-results skipped="0" failed="0" ignored="0" total="2" passed="2">
  <reporter-output>
  </reporter-output>
  <suite name="Default suite" duration-ms="47645" started-at="2022-10-14T14:22:44 IST" finished-at="2022-10-14T14:23:32 IST">
    <groups>
    </groups>
    <test name="Default test" duration-ms="47645" started-at="2022-10-14T14:22:44 IST" finished-at="2022-10-14T14:23:32 IST">
      <class name="Practice.DataProviderEx">
        <test-method status="PASS" signature="trubleTickets(java.lang.String,java.lang.String)[pri:0, instance:Practice.DataProviderEx@7113b13f]" name="trubleTickets" duration-ms="25322" started-at="2022-10-14T14:22:44 IST" data-provider="dataProvider_Test" finished-at="2022-10-14T14:23:09 IST">
          <params>
            <param index="0">
              <value>
                <![CDATA[ABC]]>
              </value>
            </param>
            <param index="1">
              <value>
                <![CDATA[Product]]>
              </value>
            </param>
          </params>
          <reporter-output>
          </reporter-output>
        </test-method> <!-- trubleTickets -->
        <test-method status="PASS" signature="trubleTickets(java.lang.String,java.lang.String)[pri:0, instance:Practice.DataProviderEx@7113b13f]" name="trubleTickets" duration-ms="22267" started-at="2022-10-14T14:23:09 IST" data-provider="dataProvider_Test" finished-at="2022-10-14T14:23:32 IST">
          <params>
            <param index="0">
              <value>
                <![CDATA[XYZ]]>
              </value>
            </param>
            <param index="1">
              <value>
                <![CDATA[Price]]>
              </value>
            </param>
          </params>
          <reporter-output>
          </reporter-output>
        </test-method> <!-- trubleTickets -->
      </class> <!-- Practice.DataProviderEx -->
    </test> <!-- Default test -->
  </suite> <!-- Default suite -->
</testng-results>
